#
# There is insufficient memory for the Java Runtime Environment to continue.
# Native memory allocation (malloc) failed to allocate 471168 bytes. Error detail: Chunk::new
# Possible reasons:
#   The system is out of physical RAM or swap space
#   This process is running with CompressedOops enabled, and the Java Heap may be blocking the growth of the native heap
# Possible solutions:
#   Reduce memory load on the system
#   Increase physical memory or swap space
#   Check if swap backing store is full
#   Decrease Java heap size (-Xmx/-Xms)
#   Decrease number of Java threads
#   Decrease Java thread stack sizes (-Xss)
#   Set larger code cache with -XX:ReservedCodeCacheSize=
#   JVM is running with Unscaled Compressed Oops mode in which the Java heap is
#     placed in the first 4GB address space. The Java Heap base address is the
#     maximum limit for the native heap growth. Please use -XX:HeapBaseMinAddress
#     to set the Java Heap base and to place the Java Heap above 4GB virtual address.
# This output file may be truncated or incomplete.
#
#  Out of Memory Error (arena.cpp:168), pid=16584, tid=18024
#
# JRE version: OpenJDK Runtime Environment (21.0.10) (build 21.0.10+-14961533-b1163.108)
# Java VM: OpenJDK 64-Bit Server VM (21.0.10+-14961533-b1163.108, mixed mode, tiered, compressed oops, compressed class ptrs, g1 gc, windows-amd64)
# No core dump will be written. Minidumps are not enabled by default on client versions of Windows
#

---------------  S U M M A R Y ------------

Command Line: --add-opens=java.base/java.lang=ALL-UNNAMED --add-opens=java.base/java.lang.invoke=ALL-UNNAMED --add-opens=java.base/java.util=ALL-UNNAMED --add-opens=java.prefs/java.util.prefs=ALL-UNNAMED --add-exports=jdk.compiler/com.sun.tools.javac.api=ALL-UNNAMED --add-exports=jdk.compiler/com.sun.tools.javac.util=ALL-UNNAMED --add-opens=java.base/java.util=ALL-UNNAMED --add-opens=java.prefs/java.util.prefs=ALL-UNNAMED --add-opens=java.base/java.nio.charset=ALL-UNNAMED --add-opens=java.base/java.net=ALL-UNNAMED --add-opens=java.base/java.util.concurrent=ALL-UNNAMED --add-opens=java.base/java.util.concurrent.atomic=ALL-UNNAMED --add-opens=java.xml/javax.xml.namespace=ALL-UNNAMED -Xmx2048m -Dfile.encoding=UTF-8 -Duser.country=US -Duser.language=en -Duser.variant -javaagent:C:\Users\mazen\.gradle\wrapper\dists\gradle-9.0.0-bin\d6wjpkvcgsg3oed0qlfss3wgl\gradle-9.0.0\lib\agents\gradle-instrumentation-agent-9.0.0.jar org.gradle.launcher.daemon.bootstrap.GradleDaemon 9.0.0

Host: Intel(R) Core(TM) i5-7300U CPU @ 2.60GHz, 4 cores, 3G,  Windows 11 , 64 bit Build 22621 (10.0.22621.5415)
Time: Mon May 18 21:52:19 2026 Egypt Daylight Time elapsed time: 75.653377 seconds (0d 0h 1m 15s)

---------------  T H R E A D  ---------------

Current thread (0x0000022e591d2770):  JavaThread "C2 CompilerThread1" daemon [_thread_in_native, id=18024, stack(0x000000f401c00000,0x000000f401d00000) (1024K)]


Current CompileTask:
C2:75653 8115       4       groovyjarjarantlr4.v4.runtime.atn.ATNConfigSet::add (247 bytes)

Stack: [0x000000f401c00000,0x000000f401d00000]
Native frames: (J=compiled Java code, j=interpreted, Vv=VM code, C=native code)
V  [jvm.dll+0x6d78a9]
V  [jvm.dll+0x8665b3]
V  [jvm.dll+0x868bde]
V  [jvm.dll+0x8692c3]
V  [jvm.dll+0x280ee6]
V  [jvm.dll+0xc07cd]
V  [jvm.dll+0xc0d03]
V  [jvm.dll+0x3ba0cb]
V  [jvm.dll+0x1dfe64]
V  [jvm.dll+0x249d24]
V  [jvm.dll+0x2491a1]
V  [jvm.dll+0x1c76e4]
V  [jvm.dll+0x25891e]
V  [jvm.dll+0x256e66]
V  [jvm.dll+0x3f513e]
V  [jvm.dll+0x80fd28]
V  [jvm.dll+0x6d60fd]
C  [ucrtbase.dll+0x29333]
C  [KERNEL32.DLL+0x1259d]
C  [ntdll.dll+0x5af78]


---------------  P R O C E S S  ---------------

Threads class SMR info:
_java_thread_list=0x0000022e588db9b0, length=47, elements={
0x0000022e3b53d550, 0x0000022e523bd7c0, 0x0000022e5250a0f0, 0x0000022e52507fa0,
0x0000022e52530220, 0x0000022e52530c80, 0x0000022e525316e0, 0x0000022e52532140,
0x0000022e52534bb0, 0x0000022e5259f4f0, 0x0000022e52871540, 0x0000022e581f0480,
0x0000022e590f32f0, 0x0000022e593836e0, 0x0000022e58a7f010, 0x0000022e59327030,
0x0000022e583a0a50, 0x0000022e52777650, 0x0000022e527762a0, 0x0000022e52776930,
0x0000022e52776fc0, 0x0000022e57dc54e0, 0x0000022e57dc6f20, 0x0000022e57dc5b70,
0x0000022e57dc75b0, 0x0000022e57dc6890, 0x0000022e57dc4e50, 0x0000022e572a7130,
0x0000022e572a9890, 0x0000022e572a56f0, 0x0000022e572a77c0, 0x0000022e572a7e50,
0x0000022e572a6aa0, 0x0000022e572ab960, 0x0000022e572a84e0, 0x0000022e572aac40,
0x0000022e572ab2d0, 0x0000022e572aa5b0, 0x0000022e572abff0, 0x0000022e572ac680,
0x0000022e59c97e90, 0x0000022e59c95730, 0x0000022e59c96450, 0x0000022e59c93cf0,
0x0000022e59c93660, 0x0000022e59c96ae0, 0x0000022e591d2770
}

Java Threads: ( => current thread )
  0x0000022e3b53d550 JavaThread "main"                              [_thread_blocked, id=16116, stack(0x000000f47e400000,0x000000f47e500000) (1024K)]
  0x0000022e523bd7c0 JavaThread "Common-Cleaner"             daemon [_thread_blocked, id=10148, stack(0x000000f47ec00000,0x000000f47ed00000) (1024K)]
  0x0000022e5250a0f0 JavaThread "Reference Handler"          daemon [_thread_blocked, id=8744, stack(0x000000f47ed00000,0x000000f47ee00000) (1024K)]
  0x0000022e52507fa0 JavaThread "Finalizer"                  daemon [_thread_blocked, id=4340, stack(0x000000f47ee00000,0x000000f47ef00000) (1024K)]
  0x0000022e52530220 JavaThread "Signal Dispatcher"          daemon [_thread_blocked, id=20232, stack(0x000000f47ef00000,0x000000f47f000000) (1024K)]
  0x0000022e52530c80 JavaThread "Attach Listener"            daemon [_thread_blocked, id=14512, stack(0x000000f47f000000,0x000000f47f100000) (1024K)]
  0x0000022e525316e0 JavaThread "Service Thread"             daemon [_thread_blocked, id=22332, stack(0x000000f47f100000,0x000000f47f200000) (1024K)]
  0x0000022e52532140 JavaThread "Monitor Deflation Thread"   daemon [_thread_blocked, id=23536, stack(0x000000f47f200000,0x000000f47f300000) (1024K)]
  0x0000022e52534bb0 JavaThread "C2 CompilerThread0"         daemon [_thread_in_native, id=14960, stack(0x000000f47f300000,0x000000f47f400000) (1024K)]
  0x0000022e5259f4f0 JavaThread "C1 CompilerThread0"         daemon [_thread_blocked, id=12352, stack(0x000000f47f400000,0x000000f47f500000) (1024K)]
  0x0000022e52871540 JavaThread "Notification Thread"        daemon [_thread_blocked, id=20652, stack(0x000000f47f500000,0x000000f47f600000) (1024K)]
  0x0000022e581f0480 JavaThread "Daemon health stats"               [_thread_blocked, id=4344, stack(0x000000f47f800000,0x000000f47f900000) (1024K)]
  0x0000022e590f32f0 JavaThread "Incoming local TCP Connector on port 49590"        [_thread_in_native, id=10540, stack(0x000000f47fa00000,0x000000f47fb00000) (1024K)]
  0x0000022e593836e0 JavaThread "Daemon periodic checks"            [_thread_blocked, id=15680, stack(0x000000f47fb00000,0x000000f47fc00000) (1024K)]
  0x0000022e58a7f010 JavaThread "Daemon"                            [_thread_blocked, id=9976, stack(0x000000f47fc00000,0x000000f47fd00000) (1024K)]
  0x0000022e59327030 JavaThread "Handler for socket connection from /127.0.0.1:49590 to /127.0.0.1:49591"        [_thread_in_native, id=16588, stack(0x000000f47fd00000,0x000000f47fe00000) (1024K)]
  0x0000022e583a0a50 JavaThread "Cancel handler"                    [_thread_blocked, id=20388, stack(0x000000f47fe00000,0x000000f47ff00000) (1024K)]
  0x0000022e52777650 JavaThread "Daemon worker"                     [_thread_blocked, id=14232, stack(0x000000f47ff00000,0x000000f480000000) (1024K)]
  0x0000022e527762a0 JavaThread "Asynchronous log dispatcher for DefaultDaemonConnection: socket connection from /127.0.0.1:49590 to /127.0.0.1:49591"        [_thread_blocked, id=9756, stack(0x000000f400000000,0x000000f400100000) (1024K)]
  0x0000022e52776930 JavaThread "Stdin handler"                     [_thread_blocked, id=15812, stack(0x000000f400100000,0x000000f400200000) (1024K)]
  0x0000022e52776fc0 JavaThread "Daemon client event forwarder"        [_thread_blocked, id=23028, stack(0x000000f400200000,0x000000f400300000) (1024K)]
  0x0000022e57dc54e0 JavaThread "Cache worker for journal cache (C:\Users\mazen\.gradle\caches\journal-1)"        [_thread_blocked, id=19672, stack(0x000000f400300000,0x000000f400400000) (1024K)]
  0x0000022e57dc6f20 JavaThread "File lock request listener"        [_thread_in_native, id=11364, stack(0x000000f400400000,0x000000f400500000) (1024K)]
  0x0000022e57dc5b70 JavaThread "Cache worker for file hash cache (C:\Users\mazen\.gradle\caches\9.0.0\fileHashes)"        [_thread_blocked, id=24296, stack(0x000000f400500000,0x000000f400600000) (1024K)]
  0x0000022e57dc75b0 JavaThread "File lock release action executor"        [_thread_blocked, id=13660, stack(0x000000f400600000,0x000000f400700000) (1024K)]
  0x0000022e57dc6890 JavaThread "Cache worker for file hash cache (C:\xampp\htdocs\yaman\andriod-scanner-application\.gradle\9.0.0\fileHashes)"        [_thread_blocked, id=6140, stack(0x000000f400700000,0x000000f400800000) (1024K)]
  0x0000022e57dc4e50 JavaThread "Cache worker for Build Output Cleanup Cache (C:\xampp\htdocs\yaman\andriod-scanner-application\.gradle\buildOutputCleanup)"        [_thread_blocked, id=628, stack(0x000000f400800000,0x000000f400900000) (1024K)]
  0x0000022e572a7130 JavaThread "File watcher server"        daemon [_thread_in_native, id=9120, stack(0x000000f400900000,0x000000f400a00000) (1024K)]
  0x0000022e572a9890 JavaThread "File watcher consumer"      daemon [_thread_blocked, id=2592, stack(0x000000f400a00000,0x000000f400b00000) (1024K)]
  0x0000022e572a56f0 JavaThread "Cache worker for checksums cache (C:\xampp\htdocs\yaman\andriod-scanner-application\.gradle\9.0.0\checksums)"        [_thread_blocked, id=20680, stack(0x000000f400b00000,0x000000f400c00000) (1024K)]
  0x0000022e572a77c0 JavaThread "Cache worker for file content cache (C:\Users\mazen\.gradle\caches\9.0.0\fileContent)"        [_thread_blocked, id=1464, stack(0x000000f400c00000,0x000000f400d00000) (1024K)]
  0x0000022e572a7e50 JavaThread "Cache worker for cache directory md-supplier (C:\Users\mazen\.gradle\caches\9.0.0\md-supplier)"        [_thread_blocked, id=18732, stack(0x000000f400d00000,0x000000f400e00000) (1024K)]
  0x0000022e572a6aa0 JavaThread "Cache worker for cache directory md-rule (C:\Users\mazen\.gradle\caches\9.0.0\md-rule)"        [_thread_blocked, id=1516, stack(0x000000f400e00000,0x000000f400f00000) (1024K)]
  0x0000022e572ab960 JavaThread "jar transforms"                    [_thread_blocked, id=23928, stack(0x000000f400f00000,0x000000f401000000) (1024K)]
  0x0000022e572a84e0 JavaThread "jar transforms Thread 2"           [_thread_blocked, id=4552, stack(0x000000f401000000,0x000000f401100000) (1024K)]
  0x0000022e572aac40 JavaThread "jar transforms Thread 3"           [_thread_blocked, id=1860, stack(0x000000f401100000,0x000000f401200000) (1024K)]
  0x0000022e572ab2d0 JavaThread "Unconstrained build operations"        [_thread_blocked, id=15908, stack(0x000000f401200000,0x000000f401300000) (1024K)]
  0x0000022e572aa5b0 JavaThread "Unconstrained build operations Thread 2"        [_thread_blocked, id=7132, stack(0x000000f401300000,0x000000f401400000) (1024K)]
  0x0000022e572abff0 JavaThread "Unconstrained build operations Thread 3"        [_thread_blocked, id=1912, stack(0x000000f401400000,0x000000f401500000) (1024K)]
  0x0000022e572ac680 JavaThread "Unconstrained build operations Thread 4"        [_thread_blocked, id=4124, stack(0x000000f401500000,0x000000f401600000) (1024K)]
  0x0000022e59c97e90 JavaThread "Unconstrained build operations Thread 5"        [_thread_blocked, id=9672, stack(0x000000f401600000,0x000000f401700000) (1024K)]
  0x0000022e59c95730 JavaThread "Unconstrained build operations Thread 6"        [_thread_blocked, id=18544, stack(0x000000f401700000,0x000000f401800000) (1024K)]
  0x0000022e59c96450 JavaThread "jar transforms Thread 4"           [_thread_blocked, id=21860, stack(0x000000f401800000,0x000000f401900000) (1024K)]
  0x0000022e59c93cf0 JavaThread "Unconstrained build operations Thread 7"        [_thread_blocked, id=23532, stack(0x000000f401900000,0x000000f401a00000) (1024K)]
  0x0000022e59c93660 JavaThread "Unconstrained build operations Thread 8"        [_thread_blocked, id=9444, stack(0x000000f401a00000,0x000000f401b00000) (1024K)]
  0x0000022e59c96ae0 JavaThread "Unconstrained build operations Thread 9"        [_thread_blocked, id=15448, stack(0x000000f401b00000,0x000000f401c00000) (1024K)]
=>0x0000022e591d2770 JavaThread "C2 CompilerThread1"         daemon [_thread_in_native, id=18024, stack(0x000000f401c00000,0x000000f401d00000) (1024K)]
Total: 47

Other Threads:
  0x0000022e5238dfd0 VMThread "VM Thread"                           [id=22484, stack(0x000000f47eb00000,0x000000f47ec00000) (1024K)]
  0x0000022e522f73a0 WatcherThread "VM Periodic Task Thread"        [id=5968, stack(0x000000f47ea00000,0x000000f47eb00000) (1024K)]
  0x0000022e3b594c70 WorkerThread "GC Thread#0"                     [id=21800, stack(0x000000f47e500000,0x000000f47e600000) (1024K)]
  0x0000022e52584ca0 WorkerThread "GC Thread#1"                     [id=15332, stack(0x000000f47f600000,0x000000f47f700000) (1024K)]
  0x0000022e572e0050 WorkerThread "GC Thread#2"                     [id=3808, stack(0x000000f47f700000,0x000000f47f800000) (1024K)]
  0x0000022e573a84e0 WorkerThread "GC Thread#3"                     [id=10360, stack(0x000000f47f900000,0x000000f47fa00000) (1024K)]
  0x0000022e3b5a5c60 ConcurrentGCThread "G1 Main Marker"            [id=22196, stack(0x000000f47e600000,0x000000f47e700000) (1024K)]
  0x0000022e3b5a6770 WorkerThread "G1 Conc#0"                       [id=5348, stack(0x000000f47e700000,0x000000f47e800000) (1024K)]
  0x0000022e521d0090 ConcurrentGCThread "G1 Refine#0"               [id=3896, stack(0x000000f47e800000,0x000000f47e900000) (1024K)]
  0x0000022e521d0d80 ConcurrentGCThread "G1 Service"                [id=11452, stack(0x000000f47e900000,0x000000f47ea00000) (1024K)]
Total: 10

Threads with active compile tasks:
C2 CompilerThread0  75760 8110       4       groovyjarjarantlr4.v4.runtime.atn.ParserATNSimulator::computeTargetState (583 bytes)
C2 CompilerThread1  75760 8115       4       groovyjarjarantlr4.v4.runtime.atn.ATNConfigSet::add (247 bytes)
Total: 2

VM state: not at safepoint (normal execution)

VM Mutex/Monitor currently owned by a thread:  ([mutex/lock_event])
[0x00007ffa7a4887d0] Heap_lock - owner thread: 0x0000022e52777650

Heap address: 0x0000000080000000, size: 2048 MB, Compressed Oops mode: 32-bit

CDS archive(s) not mapped
Compressed class space mapped at: 0x0000000100000000-0x0000000140000000, reserved size: 1073741824
Narrow klass base: 0x0000000000000000, Narrow klass shift: 3, Narrow klass range: 0x140000000

GC Precious Log:
 CardTable entry size: 512
 Card Set container configuration: InlinePtr #cards 5 size 8 Array Of Cards #cards 12 size 40 Howl #buckets 4 coarsen threshold 1843 Howl Bitmap #cards 512 size 80 coarsen threshold 460 Card regions per heap region 1 cards per card region 2048
 CPUs: 4 total, 4 available
 Memory: 3939M
 Large Page Support: Disabled
 NUMA Support: Disabled
 Compressed Oops: Enabled (32-bit)
 Heap Region Size: 1M
 Heap Min Capacity: 8M
 Heap Initial Capacity: 62M
 Heap Max Capacity: 2G
 Pre-touch: Disabled
 Parallel Workers: 4
 Concurrent Workers: 1
 Concurrent Refinement Workers: 4
 Periodic GC: Disabled

Heap:
 garbage-first heap   total 96256K, used 59317K [0x0000000080000000, 0x0000000100000000)
  region size 1024K, 4 young (4096K), 3 survivors (3072K)
 Metaspace       used 64159K, committed 65728K, reserved 1114112K
  class space    used 9000K, committed 9728K, reserved 1048576K

Heap Regions: E=young(eden), S=young(survivor), O=old, HS=humongous(starts), HC=humongous(continues), CS=collection set, F=free, TAMS=top-at-mark-start, PB=parsable bottom
|   0|0x0000000080000000, 0x0000000080100000, 0x0000000080100000|100%|HS|  |TAMS 0x0000000080100000| PB 0x0000000080000000| Complete 
|   1|0x0000000080100000, 0x0000000080200000, 0x0000000080200000|100%|HC|  |TAMS 0x0000000080200000| PB 0x0000000080100000| Complete 
|   2|0x0000000080200000, 0x0000000080300000, 0x0000000080300000|100%|HC|  |TAMS 0x0000000080300000| PB 0x0000000080200000| Complete 
|   3|0x0000000080300000, 0x0000000080400000, 0x0000000080400000|100%| O|  |TAMS 0x0000000080400000| PB 0x0000000080300000| Untracked 
|   4|0x0000000080400000, 0x0000000080500000, 0x0000000080500000|100%| O|  |TAMS 0x0000000080500000| PB 0x0000000080400000| Untracked 
|   5|0x0000000080500000, 0x0000000080600000, 0x0000000080600000|100%| O|  |TAMS 0x0000000080600000| PB 0x0000000080500000| Untracked 
|   6|0x0000000080600000, 0x0000000080700000, 0x0000000080700000|100%| O|  |TAMS 0x0000000080700000| PB 0x0000000080600000| Untracked 
|   7|0x0000000080700000, 0x0000000080800000, 0x0000000080800000|100%| O|  |TAMS 0x0000000080800000| PB 0x0000000080700000| Untracked 
|   8|0x0000000080800000, 0x0000000080900000, 0x0000000080900000|100%| O|  |TAMS 0x0000000080900000| PB 0x0000000080800000| Untracked 
|   9|0x0000000080900000, 0x0000000080a00000, 0x0000000080a00000|100%| O|  |TAMS 0x0000000080a00000| PB 0x0000000080900000| Untracked 
|  10|0x0000000080a00000, 0x0000000080b00000, 0x0000000080b00000|100%|HS|  |TAMS 0x0000000080b00000| PB 0x0000000080a00000| Complete 
|  11|0x0000000080b00000, 0x0000000080c00000, 0x0000000080c00000|100%| O|  |TAMS 0x0000000080c00000| PB 0x0000000080b00000| Untracked 
|  12|0x0000000080c00000, 0x0000000080d00000, 0x0000000080d00000|100%| O|  |TAMS 0x0000000080d00000| PB 0x0000000080c00000| Untracked 
|  13|0x0000000080d00000, 0x0000000080e00000, 0x0000000080e00000|100%| O|  |TAMS 0x0000000080e00000| PB 0x0000000080d00000| Untracked 
|  14|0x0000000080e00000, 0x0000000080f00000, 0x0000000080f00000|100%| O|  |TAMS 0x0000000080f00000| PB 0x0000000080e00000| Untracked 
|  15|0x0000000080f00000, 0x0000000081000000, 0x0000000081000000|100%| O|  |TAMS 0x0000000081000000| PB 0x0000000080f00000| Untracked 
|  16|0x0000000081000000, 0x0000000081100000, 0x0000000081100000|100%| O|  |TAMS 0x0000000081100000| PB 0x0000000081000000| Untracked 
|  17|0x0000000081100000, 0x0000000081200000, 0x0000000081200000|100%| O|  |TAMS 0x0000000081200000| PB 0x0000000081100000| Untracked 
|  18|0x0000000081200000, 0x0000000081300000, 0x0000000081300000|100%| O|  |TAMS 0x0000000081300000| PB 0x0000000081200000| Untracked 
|  19|0x0000000081300000, 0x0000000081400000, 0x0000000081400000|100%| O|  |TAMS 0x0000000081400000| PB 0x0000000081300000| Untracked 
|  20|0x0000000081400000, 0x0000000081500000, 0x0000000081500000|100%| O|  |TAMS 0x0000000081500000| PB 0x0000000081400000| Untracked 
|  21|0x0000000081500000, 0x0000000081600000, 0x0000000081600000|100%| O|  |TAMS 0x0000000081600000| PB 0x0000000081500000| Untracked 
|  22|0x0000000081600000, 0x0000000081700000, 0x0000000081700000|100%| O|  |TAMS 0x0000000081700000| PB 0x0000000081600000| Untracked 
|  23|0x0000000081700000, 0x0000000081800000, 0x0000000081800000|100%| O|  |TAMS 0x0000000081800000| PB 0x0000000081700000| Untracked 
|  24|0x0000000081800000, 0x0000000081900000, 0x0000000081900000|100%| O|  |TAMS 0x0000000081900000| PB 0x0000000081800000| Untracked 
|  25|0x0000000081900000, 0x0000000081a00000, 0x0000000081a00000|100%| O|  |TAMS 0x0000000081a00000| PB 0x0000000081900000| Untracked 
|  26|0x0000000081a00000, 0x0000000081b00000, 0x0000000081b00000|100%| O|  |TAMS 0x0000000081b00000| PB 0x0000000081a00000| Untracked 
|  27|0x0000000081b00000, 0x0000000081c00000, 0x0000000081c00000|100%| O|  |TAMS 0x0000000081c00000| PB 0x0000000081b00000| Untracked 
|  28|0x0000000081c00000, 0x0000000081d00000, 0x0000000081d00000|100%| O|  |TAMS 0x0000000081d00000| PB 0x0000000081c00000| Untracked 
|  29|0x0000000081d00000, 0x0000000081e00000, 0x0000000081e00000|100%| O|  |TAMS 0x0000000081e00000| PB 0x0000000081d00000| Untracked 
|  30|0x0000000081e00000, 0x0000000081f00000, 0x0000000081f00000|100%| O|  |TAMS 0x0000000081f00000| PB 0x0000000081e00000| Untracked 
|  31|0x0000000081f00000, 0x0000000082000000, 0x0000000082000000|100%| O|  |TAMS 0x0000000082000000| PB 0x0000000081f00000| Untracked 
|  32|0x0000000082000000, 0x0000000082100000, 0x0000000082100000|100%| O|  |TAMS 0x0000000082100000| PB 0x0000000082000000| Untracked 
|  33|0x0000000082100000, 0x0000000082200000, 0x0000000082200000|100%| O|  |TAMS 0x0000000082200000| PB 0x0000000082100000| Untracked 
|  34|0x0000000082200000, 0x0000000082300000, 0x0000000082300000|100%| O|  |TAMS 0x0000000082300000| PB 0x0000000082200000| Untracked 
|  35|0x0000000082300000, 0x0000000082400000, 0x0000000082400000|100%| O|  |TAMS 0x0000000082400000| PB 0x0000000082300000| Untracked 
|  36|0x0000000082400000, 0x0000000082500000, 0x0000000082500000|100%| O|  |TAMS 0x0000000082500000| PB 0x0000000082400000| Untracked 
|  37|0x0000000082500000, 0x0000000082600000, 0x0000000082600000|100%| O|  |TAMS 0x0000000082600000| PB 0x0000000082500000| Untracked 
|  38|0x0000000082600000, 0x0000000082700000, 0x0000000082700000|100%| O|  |TAMS 0x0000000082700000| PB 0x0000000082600000| Untracked 
|  39|0x0000000082700000, 0x0000000082800000, 0x0000000082800000|100%| O|  |TAMS 0x0000000082800000| PB 0x0000000082700000| Untracked 
|  40|0x0000000082800000, 0x0000000082900000, 0x0000000082900000|100%| O|  |TAMS 0x0000000082900000| PB 0x0000000082800000| Untracked 
|  41|0x0000000082900000, 0x0000000082a00000, 0x0000000082a00000|100%| O|  |TAMS 0x0000000082a00000| PB 0x0000000082900000| Untracked 
|  42|0x0000000082a00000, 0x0000000082b00000, 0x0000000082b00000|100%| O|  |TAMS 0x0000000082b00000| PB 0x0000000082a00000| Untracked 
|  43|0x0000000082b00000, 0x0000000082c00000, 0x0000000082c00000|100%| O|  |TAMS 0x0000000082c00000| PB 0x0000000082b00000| Untracked 
|  44|0x0000000082c00000, 0x0000000082d00000, 0x0000000082d00000|100%| O|  |TAMS 0x0000000082d00000| PB 0x0000000082c00000| Untracked 
|  45|0x0000000082d00000, 0x0000000082e00000, 0x0000000082e00000|100%| O|  |TAMS 0x0000000082e00000| PB 0x0000000082d00000| Untracked 
|  46|0x0000000082e00000, 0x0000000082f00000, 0x0000000082f00000|100%| O|  |TAMS 0x0000000082f00000| PB 0x0000000082e00000| Untracked 
|  47|0x0000000082f00000, 0x0000000083000000, 0x0000000083000000|100%| O|  |TAMS 0x0000000083000000| PB 0x0000000082f00000| Untracked 
|  48|0x0000000083000000, 0x0000000083100000, 0x0000000083100000|100%|HS|  |TAMS 0x0000000083100000| PB 0x0000000083000000| Complete 
|  49|0x0000000083100000, 0x0000000083200000, 0x0000000083200000|100%|HC|  |TAMS 0x0000000083200000| PB 0x0000000083100000| Complete 
|  50|0x0000000083200000, 0x0000000083300000, 0x0000000083300000|100%| O|  |TAMS 0x0000000083300000| PB 0x0000000083200000| Untracked 
|  51|0x0000000083300000, 0x0000000083400000, 0x0000000083400000|100%| O|  |TAMS 0x00000000833abe40| PB 0x0000000083300000| Untracked 
|  52|0x0000000083400000, 0x0000000083500000, 0x0000000083500000|100%| O|  |TAMS 0x0000000083400000| PB 0x0000000083400000| Untracked 
|  53|0x0000000083500000, 0x0000000083547850, 0x0000000083600000| 27%| O|  |TAMS 0x0000000083500000| PB 0x0000000083500000| Untracked 
|  54|0x0000000083600000, 0x0000000083600000, 0x0000000083700000|  0%| F|  |TAMS 0x0000000083600000| PB 0x0000000083600000| Untracked 
|  55|0x0000000083700000, 0x0000000083700000, 0x0000000083800000|  0%| F|  |TAMS 0x0000000083700000| PB 0x0000000083700000| Untracked 
|  56|0x0000000083800000, 0x0000000083800000, 0x0000000083900000|  0%| F|  |TAMS 0x0000000083800000| PB 0x0000000083800000| Untracked 
|  57|0x0000000083900000, 0x0000000083900000, 0x0000000083a00000|  0%| F|  |TAMS 0x0000000083900000| PB 0x0000000083900000| Untracked 
|  58|0x0000000083a00000, 0x0000000083a00000, 0x0000000083b00000|  0%| F|  |TAMS 0x0000000083a00000| PB 0x0000000083a00000| Untracked 
|  59|0x0000000083b00000, 0x0000000083b00000, 0x0000000083c00000|  0%| F|  |TAMS 0x0000000083b00000| PB 0x0000000083b00000| Untracked 
|  60|0x0000000083c00000, 0x0000000083c00000, 0x0000000083d00000|  0%| F|  |TAMS 0x0000000083c00000| PB 0x0000000083c00000| Untracked 
|  61|0x0000000083d00000, 0x0000000083d00000, 0x0000000083e00000|  0%| F|  |TAMS 0x0000000083d00000| PB 0x0000000083d00000| Untracked 
|  62|0x0000000083e00000, 0x0000000083e00000, 0x0000000083f00000|  0%| F|  |TAMS 0x0000000083e00000| PB 0x0000000083e00000| Untracked 
|  63|0x0000000083f00000, 0x0000000083f00000, 0x0000000084000000|  0%| F|  |TAMS 0x0000000083f00000| PB 0x0000000083f00000| Untracked 
|  64|0x0000000084000000, 0x0000000084000000, 0x0000000084100000|  0%| F|  |TAMS 0x0000000084000000| PB 0x0000000084000000| Untracked 
|  65|0x0000000084100000, 0x0000000084100000, 0x0000000084200000|  0%| F|  |TAMS 0x0000000084100000| PB 0x0000000084100000| Untracked 
|  66|0x0000000084200000, 0x00000000842a5d50, 0x0000000084300000| 64%| S|CS|TAMS 0x0000000084200000| PB 0x0000000084200000| Complete 
|  67|0x0000000084300000, 0x0000000084400000, 0x0000000084400000|100%| S|CS|TAMS 0x0000000084300000| PB 0x0000000084300000| Complete 
|  68|0x0000000084400000, 0x0000000084500000, 0x0000000084500000|100%| S|CS|TAMS 0x0000000084400000| PB 0x0000000084400000| Complete 
|  69|0x0000000084500000, 0x0000000084500000, 0x0000000084600000|  0%| F|  |TAMS 0x0000000084500000| PB 0x0000000084500000| Untracked 
|  70|0x0000000084600000, 0x0000000084600000, 0x0000000084700000|  0%| F|  |TAMS 0x0000000084600000| PB 0x0000000084600000| Untracked 
|  71|0x0000000084700000, 0x0000000084700000, 0x0000000084800000|  0%| F|  |TAMS 0x0000000084700000| PB 0x0000000084700000| Untracked 
|  72|0x0000000084800000, 0x0000000084800000, 0x0000000084900000|  0%| F|  |TAMS 0x0000000084800000| PB 0x0000000084800000| Untracked 
|  73|0x0000000084900000, 0x0000000084900000, 0x0000000084a00000|  0%| F|  |TAMS 0x0000000084900000| PB 0x0000000084900000| Untracked 
|  74|0x0000000084a00000, 0x0000000084a00000, 0x0000000084b00000|  0%| F|  |TAMS 0x0000000084a00000| PB 0x0000000084a00000| Untracked 
|  75|0x0000000084b00000, 0x0000000084b00000, 0x0000000084c00000|  0%| F|  |TAMS 0x0000000084b00000| PB 0x0000000084b00000| Untracked 
|  76|0x0000000084c00000, 0x0000000084c00000, 0x0000000084d00000|  0%| F|  |TAMS 0x0000000084c00000| PB 0x0000000084c00000| Untracked 
|  77|0x0000000084d00000, 0x0000000084d00000, 0x0000000084e00000|  0%| F|  |TAMS 0x0000000084d00000| PB 0x0000000084d00000| Untracked 
|  78|0x0000000084e00000, 0x0000000084e00000, 0x0000000084f00000|  0%| F|  |TAMS 0x0000000084e00000| PB 0x0000000084e00000| Untracked 
|  79|0x0000000084f00000, 0x0000000084f00000, 0x0000000085000000|  0%| F|  |TAMS 0x0000000084f00000| PB 0x0000000084f00000| Untracked 
|  80|0x0000000085000000, 0x0000000085000000, 0x0000000085100000|  0%| F|  |TAMS 0x0000000085000000| PB 0x0000000085000000| Untracked 
|  81|0x0000000085100000, 0x0000000085100000, 0x0000000085200000|  0%| F|  |TAMS 0x0000000085100000| PB 0x0000000085100000| Untracked 
|  82|0x0000000085200000, 0x0000000085200000, 0x0000000085300000|  0%| F|  |TAMS 0x0000000085200000| PB 0x0000000085200000| Untracked 
|  83|0x0000000085300000, 0x0000000085300000, 0x0000000085400000|  0%| F|  |TAMS 0x0000000085300000| PB 0x0000000085300000| Untracked 
|  84|0x0000000085400000, 0x0000000085400000, 0x0000000085500000|  0%| F|  |TAMS 0x0000000085400000| PB 0x0000000085400000| Untracked 
|  85|0x0000000085500000, 0x0000000085500000, 0x0000000085600000|  0%| F|  |TAMS 0x0000000085500000| PB 0x0000000085500000| Untracked 
|  86|0x0000000085600000, 0x0000000085600000, 0x0000000085700000|  0%| F|  |TAMS 0x0000000085600000| PB 0x0000000085600000| Untracked 
|  87|0x0000000085700000, 0x0000000085700000, 0x0000000085800000|  0%| F|  |TAMS 0x0000000085700000| PB 0x0000000085700000| Untracked 
|  88|0x0000000085800000, 0x0000000085800000, 0x0000000085900000|  0%| F|  |TAMS 0x0000000085800000| PB 0x0000000085800000| Untracked 
|  89|0x0000000085900000, 0x0000000085900000, 0x0000000085a00000|  0%| F|  |TAMS 0x0000000085900000| PB 0x0000000085900000| Untracked 
|2044|0x00000000ffc00000, 0x00000000ffc00000, 0x00000000ffd00000|  0%| F|  |TAMS 0x00000000ffc00000| PB 0x00000000ffc00000| Untracked 
|2045|0x00000000ffd00000, 0x00000000ffd5a8f0, 0x00000000ffe00000| 35%| E|  |TAMS 0x00000000ffd00000| PB 0x00000000ffd00000| Complete 
|2046|0x00000000ffe00000, 0x00000000fff00000, 0x00000000fff00000|100%| O|  |TAMS 0x00000000fff00000| PB 0x00000000ffe00000| Untracked 
|2047|0x00000000fff00000, 0x0000000100000000, 0x0000000100000000|100%| O|  |TAMS 0x0000000100000000| PB 0x00000000fff00000| Untracked 

Card table byte_map: [0x0000022e4da90000,0x0000022e4de90000] _byte_map_base: 0x0000022e4d690000

Marking Bits: (CMBitMap*) 0x0000022e3b595380
 Bits: [0x0000022e4de90000, 0x0000022e4fe90000)

Polling page: 0x0000022e39350000

Metaspace:

Usage:
  Non-class:     53.87 MB used.
      Class:      8.79 MB used.
       Both:     62.66 MB used.

Virtual space:
  Non-class space:       64.00 MB reserved,      54.69 MB ( 85%) committed,  1 nodes.
      Class space:        1.00 GB reserved,       9.50 MB ( <1%) committed,  1 nodes.
             Both:        1.06 GB reserved,      64.19 MB (  6%) committed. 

Chunk freelists:
   Non-Class:  9.15 MB
       Class:  6.31 MB
        Both:  15.47 MB

MaxMetaspaceSize: unlimited
CompressedClassSpaceSize: 1.00 GB
Initial GC threshold: 21.00 MB
Current GC threshold: 105.25 MB
CDS: off
 - commit_granule_bytes: 65536.
 - commit_granule_words: 8192.
 - virtual_space_node_default_size: 8388608.
 - enlarge_chunks_in_place: 1.
 - use_allocation_guard: 0.


Internal statistics:

num_allocs_failed_limit: 6.
num_arena_births: 2944.
num_arena_deaths: 2.
num_vsnodes_births: 2.
num_vsnodes_deaths: 0.
num_space_committed: 1027.
num_space_uncommitted: 0.
num_chunks_returned_to_freelist: 9.
num_chunks_taken_from_freelist: 5565.
num_chunk_merges: 6.
num_chunk_splits: 3612.
num_chunks_enlarged: 2243.
num_inconsistent_stats: 0.

CodeHeap 'non-profiled nmethods': size=120000Kb used=4297Kb max_used=4297Kb free=115702Kb
 bounds [0x0000022e46160000, 0x0000022e465a0000, 0x0000022e4d690000]
CodeHeap 'profiled nmethods': size=120000Kb used=12623Kb max_used=12623Kb free=107376Kb
 bounds [0x0000022e3e690000, 0x0000022e3f2f0000, 0x0000022e45bc0000]
CodeHeap 'non-nmethods': size=5760Kb used=1869Kb max_used=1947Kb free=3890Kb
 bounds [0x0000022e45bc0000, 0x0000022e45e30000, 0x0000022e46160000]
CodeCache: size=245760Kb, used=18789Kb, max_used=18867Kb, free=226968Kb
 total_blobs=7613, nmethods=6852, adapters=665, full_count=0
Compilation: enabled, stopped_count=0, restarted_count=0

Compilation events (20 events):
Event: 75.379 Thread 0x0000022e5259f4f0 nmethod 8111% 0x0000022e3f2e0d10 code [0x0000022e3f2e0f40, 0x0000022e3f2e1850]
Event: 75.380 Thread 0x0000022e591d2770 8106 %     4       groovyjarjarantlr4.v4.runtime.atn.ArrayPredictionContext::equals @ 138 (244 bytes)
Event: 75.383 Thread 0x0000022e52534bb0 nmethod 8104% 0x0000022e46589810 code [0x0000022e46589aa0, 0x0000022e4658aa08]
Event: 75.383 Thread 0x0000022e52534bb0 8110       4       groovyjarjarantlr4.v4.runtime.atn.ParserATNSimulator::computeTargetState (583 bytes)
Event: 75.390 Thread 0x0000022e5259f4f0 8113   !   3       groovyjarjarantlr4.v4.runtime.dfa.HashEdgeMap::toMap (88 bytes)
Event: 75.392 Thread 0x0000022e5259f4f0 nmethod 8113 0x0000022e3f2e1c10 code [0x0000022e3f2e1ea0, 0x0000022e3f2e2c10]
Event: 75.416 Thread 0x0000022e591d2770 nmethod 8106% 0x0000022e4658b590 code [0x0000022e4658b860, 0x0000022e4658c9d8]
Event: 75.416 Thread 0x0000022e591d2770 8112       4       groovyjarjarantlr4.v4.runtime.atn.LexerATNSimulator::getReachableConfigSet (199 bytes)
Event: 75.444 Thread 0x0000022e591d2770 nmethod 8112 0x0000022e4658d590 code [0x0000022e4658d820, 0x0000022e4658e5f0]
Event: 75.444 Thread 0x0000022e591d2770 8109       4       groovyjarjarantlr4.v4.runtime.atn.ATNConfigSet::optimizeConfigs (57 bytes)
Event: 75.457 Thread 0x0000022e591d2770 nmethod 8109 0x0000022e4658f210 code [0x0000022e4658f420, 0x0000022e4658fba8]
Event: 75.457 Thread 0x0000022e591d2770 8105       4       groovyjarjarantlr4.v4.runtime.atn.LexerATNSimulator::getReachableTarget (18 bytes)
Event: 75.458 Thread 0x0000022e591d2770 nmethod 8105 0x0000022e46590110 code [0x0000022e465902a0, 0x0000022e465903c0]
Event: 75.458 Thread 0x0000022e591d2770 8107       4       java.lang.Long::equals (30 bytes)
Event: 75.459 Thread 0x0000022e591d2770 nmethod 8107 0x0000022e46590490 code [0x0000022e46590620, 0x0000022e46590700]
Event: 75.460 Thread 0x0000022e591d2770 8114       4       groovyjarjarantlr4.v4.runtime.atn.PredictionContextCache::getAsCached (43 bytes)
Event: 75.486 Thread 0x0000022e591d2770 nmethod 8114 0x0000022e46590810 code [0x0000022e46590a60, 0x0000022e46591858]
Event: 75.486 Thread 0x0000022e591d2770 8108       4       groovyjarjarantlr4.v4.runtime.atn.ATNConfigSet::iterator (10 bytes)
Event: 75.487 Thread 0x0000022e591d2770 nmethod 8108 0x0000022e46592210 code [0x0000022e465923a0, 0x0000022e465924c8]
Event: 75.499 Thread 0x0000022e591d2770 8115       4       groovyjarjarantlr4.v4.runtime.atn.ATNConfigSet::add (247 bytes)

GC Heap History (20 events):
Event: 53.631 GC heap before
{Heap before GC invocations=20 (full 0):
 garbage-first heap   total 63488K, used 58066K [0x0000000080000000, 0x0000000100000000)
  region size 1024K, 24 young (24576K), 3 survivors (3072K)
 Metaspace       used 54160K, committed 55488K, reserved 1114112K
  class space    used 7605K, committed 8192K, reserved 1048576K
}
Event: 53.642 GC heap after
{Heap after GC invocations=21 (full 0):
 garbage-first heap   total 63488K, used 37155K [0x0000000080000000, 0x0000000100000000)
  region size 1024K, 3 young (3072K), 3 survivors (3072K)
 Metaspace       used 54160K, committed 55488K, reserved 1114112K
  class space    used 7605K, committed 8192K, reserved 1048576K
}
Event: 54.698 GC heap before
{Heap before GC invocations=21 (full 0):
 garbage-first heap   total 63488K, used 57635K [0x0000000080000000, 0x0000000100000000)
  region size 1024K, 23 young (23552K), 3 survivors (3072K)
 Metaspace       used 56947K, committed 58304K, reserved 1114112K
  class space    used 7924K, committed 8576K, reserved 1048576K
}
Event: 54.706 GC heap after
{Heap after GC invocations=22 (full 0):
 garbage-first heap   total 63488K, used 39026K [0x0000000080000000, 0x0000000100000000)
  region size 1024K, 3 young (3072K), 3 survivors (3072K)
 Metaspace       used 56947K, committed 58304K, reserved 1114112K
  class space    used 7924K, committed 8576K, reserved 1048576K
}
Event: 56.210 GC heap before
{Heap before GC invocations=23 (full 0):
 garbage-first heap   total 66560K, used 57458K [0x0000000080000000, 0x0000000100000000)
  region size 1024K, 21 young (21504K), 3 survivors (3072K)
 Metaspace       used 59254K, committed 60736K, reserved 1114112K
  class space    used 8288K, committed 9024K, reserved 1048576K
}
Event: 56.216 GC heap after
{Heap after GC invocations=24 (full 0):
 garbage-first heap   total 66560K, used 40309K [0x0000000080000000, 0x0000000100000000)
  region size 1024K, 2 young (2048K), 2 survivors (2048K)
 Metaspace       used 59254K, committed 60736K, reserved 1114112K
  class space    used 8288K, committed 9024K, reserved 1048576K
}
Event: 57.185 GC heap before
{Heap before GC invocations=24 (full 0):
 garbage-first heap   total 66560K, used 60789K [0x0000000080000000, 0x0000000100000000)
  region size 1024K, 22 young (22528K), 2 survivors (2048K)
 Metaspace       used 61647K, committed 63168K, reserved 1114112K
  class space    used 8699K, committed 9408K, reserved 1048576K
}
Event: 57.190 GC heap after
{Heap after GC invocations=25 (full 0):
 garbage-first heap   total 66560K, used 41164K [0x0000000080000000, 0x0000000100000000)
  region size 1024K, 3 young (3072K), 3 survivors (3072K)
 Metaspace       used 61647K, committed 63168K, reserved 1114112K
  class space    used 8699K, committed 9408K, reserved 1048576K
}
Event: 59.625 GC heap before
{Heap before GC invocations=25 (full 0):
 garbage-first heap   total 66560K, used 60620K [0x0000000080000000, 0x0000000100000000)
  region size 1024K, 23 young (23552K), 3 survivors (3072K)
 Metaspace       used 62660K, committed 64192K, reserved 1114112K
  class space    used 8861K, committed 9600K, reserved 1048576K
}
Event: 59.642 GC heap after
{Heap after GC invocations=26 (full 0):
 garbage-first heap   total 70656K, used 46620K [0x0000000080000000, 0x0000000100000000)
  region size 1024K, 3 young (3072K), 3 survivors (3072K)
 Metaspace       used 62660K, committed 64192K, reserved 1114112K
  class space    used 8861K, committed 9600K, reserved 1048576K
}
Event: 61.773 GC heap before
{Heap before GC invocations=27 (full 0):
 garbage-first heap   total 78848K, used 60956K [0x0000000080000000, 0x0000000100000000)
  region size 1024K, 18 young (18432K), 3 survivors (3072K)
 Metaspace       used 62779K, committed 64320K, reserved 1114112K
  class space    used 8863K, committed 9600K, reserved 1048576K
}
Event: 61.784 GC heap after
{Heap after GC invocations=28 (full 0):
 garbage-first heap   total 78848K, used 50348K [0x0000000080000000, 0x0000000100000000)
  region size 1024K, 3 young (3072K), 3 survivors (3072K)
 Metaspace       used 62779K, committed 64320K, reserved 1114112K
  class space    used 8863K, committed 9600K, reserved 1048576K
}
Event: 61.979 GC heap before
{Heap before GC invocations=28 (full 0):
 garbage-first heap   total 78848K, used 65708K [0x0000000080000000, 0x0000000100000000)
  region size 1024K, 19 young (19456K), 3 survivors (3072K)
 Metaspace       used 62798K, committed 64320K, reserved 1114112K
  class space    used 8863K, committed 9600K, reserved 1048576K
}
Event: 61.990 GC heap after
{Heap after GC invocations=29 (full 0):
 garbage-first heap   total 78848K, used 52460K [0x0000000080000000, 0x0000000100000000)
  region size 1024K, 3 young (3072K), 3 survivors (3072K)
 Metaspace       used 62798K, committed 64320K, reserved 1114112K
  class space    used 8863K, committed 9600K, reserved 1048576K
}
Event: 65.003 GC heap before
{Heap before GC invocations=29 (full 0):
 garbage-first heap   total 78848K, used 65772K [0x0000000080000000, 0x0000000100000000)
  region size 1024K, 18 young (18432K), 3 survivors (3072K)
 Metaspace       used 63053K, committed 64576K, reserved 1114112K
  class space    used 8884K, committed 9600K, reserved 1048576K
}
Event: 65.010 GC heap after
{Heap after GC invocations=30 (full 0):
 garbage-first heap   total 78848K, used 54390K [0x0000000080000000, 0x0000000100000000)
  region size 1024K, 2 young (2048K), 2 survivors (2048K)
 Metaspace       used 63053K, committed 64576K, reserved 1114112K
  class space    used 8884K, committed 9600K, reserved 1048576K
}
Event: 66.611 GC heap before
{Heap before GC invocations=31 (full 0):
 garbage-first heap   total 96256K, used 70774K [0x0000000080000000, 0x0000000100000000)
  region size 1024K, 17 young (17408K), 2 survivors (2048K)
 Metaspace       used 63526K, committed 65024K, reserved 1114112K
  class space    used 8946K, committed 9664K, reserved 1048576K
}
Event: 66.620 GC heap after
{Heap after GC invocations=32 (full 0):
 garbage-first heap   total 96256K, used 57885K [0x0000000080000000, 0x0000000100000000)
  region size 1024K, 3 young (3072K), 3 survivors (3072K)
 Metaspace       used 63526K, committed 65024K, reserved 1114112K
  class space    used 8946K, committed 9664K, reserved 1048576K
}
Event: 66.868 GC heap before
{Heap before GC invocations=32 (full 0):
 garbage-first heap   total 96256K, used 80413K [0x0000000080000000, 0x0000000100000000)
  region size 1024K, 25 young (25600K), 3 survivors (3072K)
 Metaspace       used 63576K, committed 65088K, reserved 1114112K
  class space    used 8946K, committed 9664K, reserved 1048576K
}
Event: 66.876 GC heap after
{Heap after GC invocations=33 (full 0):
 garbage-first heap   total 96256K, used 57658K [0x0000000080000000, 0x0000000100000000)
  region size 1024K, 3 young (3072K), 3 survivors (3072K)
 Metaspace       used 63576K, committed 65088K, reserved 1114112K
  class space    used 8946K, committed 9664K, reserved 1048576K
}

Dll operation events (3 events):
Event: 0.573 Loaded shared library C:\andriod-studio\jbr\bin\java.dll
Event: 0.697 Loaded shared library C:\andriod-studio\jbr\bin\zip.dll
Event: 11.703 Loaded shared library C:\andriod-studio\jbr\bin\verify.dll

Deoptimization events (20 events):
Event: 75.329 Thread 0x0000022e52777650 DEOPT PACKING pc=0x0000022e4646bc48 sp=0x000000f47fff6db0
Event: 75.329 Thread 0x0000022e52777650 DEOPT UNPACKING pc=0x0000022e45c143a2 sp=0x000000f47fff6d38 mode 2
Event: 75.329 Thread 0x0000022e52777650 Uncommon trap: trap_request=0xffffffde fr.pc=0x0000022e46519094 relative=0x0000000000000834
Event: 75.329 Thread 0x0000022e52777650 Uncommon trap: reason=class_check action=maybe_recompile pc=0x0000022e46519094 method=groovyjarjarantlr4.v4.runtime.atn.LexerATNSimulator.getReachableConfigSet(Lgroovyjarjarantlr4/v4/runtime/CharStream;Lgroovyjarjarantlr4/v4/runtime/atn/ATNConfigSet;Lgroo
Event: 75.329 Thread 0x0000022e52777650 DEOPT PACKING pc=0x0000022e46519094 sp=0x000000f47fff7030
Event: 75.329 Thread 0x0000022e52777650 DEOPT UNPACKING pc=0x0000022e45c143a2 sp=0x000000f47fff6fc0 mode 2
Event: 75.329 Thread 0x0000022e52777650 Uncommon trap: trap_request=0xffffffde fr.pc=0x0000022e46519094 relative=0x0000000000000834
Event: 75.329 Thread 0x0000022e52777650 Uncommon trap: reason=class_check action=maybe_recompile pc=0x0000022e46519094 method=groovyjarjarantlr4.v4.runtime.atn.LexerATNSimulator.getReachableConfigSet(Lgroovyjarjarantlr4/v4/runtime/CharStream;Lgroovyjarjarantlr4/v4/runtime/atn/ATNConfigSet;Lgroo
Event: 75.329 Thread 0x0000022e52777650 DEOPT PACKING pc=0x0000022e46519094 sp=0x000000f47fff7030
Event: 75.329 Thread 0x0000022e52777650 DEOPT UNPACKING pc=0x0000022e45c143a2 sp=0x000000f47fff6fc0 mode 2
Event: 75.329 Thread 0x0000022e52777650 Uncommon trap: trap_request=0xffffffde fr.pc=0x0000022e46519094 relative=0x0000000000000834
Event: 75.329 Thread 0x0000022e52777650 Uncommon trap: reason=class_check action=maybe_recompile pc=0x0000022e46519094 method=groovyjarjarantlr4.v4.runtime.atn.LexerATNSimulator.getReachableConfigSet(Lgroovyjarjarantlr4/v4/runtime/CharStream;Lgroovyjarjarantlr4/v4/runtime/atn/ATNConfigSet;Lgroo
Event: 75.329 Thread 0x0000022e52777650 DEOPT PACKING pc=0x0000022e46519094 sp=0x000000f47fff7030
Event: 75.329 Thread 0x0000022e52777650 DEOPT UNPACKING pc=0x0000022e45c143a2 sp=0x000000f47fff6fc0 mode 2
Event: 75.329 Thread 0x0000022e52777650 Uncommon trap: trap_request=0xffffffde fr.pc=0x0000022e46519094 relative=0x0000000000000834
Event: 75.329 Thread 0x0000022e52777650 Uncommon trap: reason=class_check action=maybe_recompile pc=0x0000022e46519094 method=groovyjarjarantlr4.v4.runtime.atn.LexerATNSimulator.getReachableConfigSet(Lgroovyjarjarantlr4/v4/runtime/CharStream;Lgroovyjarjarantlr4/v4/runtime/atn/ATNConfigSet;Lgroo
Event: 75.329 Thread 0x0000022e52777650 DEOPT PACKING pc=0x0000022e46519094 sp=0x000000f47fff7030
Event: 75.329 Thread 0x0000022e52777650 DEOPT UNPACKING pc=0x0000022e45c143a2 sp=0x000000f47fff6fc0 mode 2
Event: 75.505 Thread 0x0000022e52777650 DEOPT PACKING pc=0x0000022e3e799663 sp=0x000000f47fff5d60
Event: 75.505 Thread 0x0000022e52777650 DEOPT UNPACKING pc=0x0000022e45c14b42 sp=0x000000f47fff5200 mode 0

Classes loaded (20 events):
Event: 64.923 Loading class java/util/stream/SortedOps$AbstractRefSortingSink done
Event: 64.923 Loading class java/util/stream/SortedOps$SizedRefSortingSink done
Event: 66.203 Loading class java/lang/ThreadDeath
Event: 66.205 Loading class java/lang/ThreadDeath done
Event: 66.205 Loading class sun/misc/SharedSecrets
Event: 66.205 Loading class sun/misc/SharedSecrets done
Event: 67.066 Loading class jdk/internal/math/FloatToDecimal
Event: 67.125 Loading class jdk/internal/math/FloatToDecimal done
Event: 70.397 Loading class java/lang/List
Event: 70.397 Loading class java/lang/List done
Event: 70.399 Loading class java/io/List
Event: 70.399 Loading class java/io/List done
Event: 70.422 Loading class java/net/List
Event: 70.422 Loading class java/net/List done
Event: 70.449 Loading class java/lang/Collections
Event: 70.449 Loading class java/lang/Collections done
Event: 70.452 Loading class java/io/Collections
Event: 70.452 Loading class java/io/Collections done
Event: 70.456 Loading class java/net/Collections
Event: 70.456 Loading class java/net/Collections done

Classes unloaded (3 events):
Event: 59.750 Thread 0x0000022e5238dfd0 Unloading class 0x0000000100834948 '_BuildScript_$_run_closure1$_closure2'
Event: 59.750 Thread 0x0000022e5238dfd0 Unloading class 0x0000000100834528 '_BuildScript_$_run_closure1'
Event: 59.750 Thread 0x0000022e5238dfd0 Unloading class 0x0000000100834000 '_BuildScript_'

Classes redefined (0 events):
No events

Internal exceptions (20 events):
Event: 75.154 Thread 0x0000022e52777650 Exception <a 'sun/nio/fs/WindowsException'{0x0000000084dc5538}> (0x0000000084dc5538) 
thrown [s\src\hotspot\share\prims\jni.cpp, line 537]
Event: 75.156 Thread 0x0000022e52777650 Exception <a 'java/lang/ClassNotFoundException'{0x0000000084dcd0a8}: ijKotlinCoroutineJvmDebugInit1_ctgsehd8x87bz2syxexua3tzpBeanInfo> (0x0000000084dcd0a8) 
thrown [s\src\hotspot\share\classfile\systemDictionary.cpp, line 312]
Event: 75.162 Thread 0x0000022e52777650 Exception <a 'sun/nio/fs/WindowsException'{0x0000000084dceae0}> (0x0000000084dceae0) 
thrown [s\src\hotspot\share\prims\jni.cpp, line 537]
Event: 75.166 Thread 0x0000022e52777650 Exception <a 'java/lang/ClassNotFoundException'{0x0000000084dd6660}: ijKotlinCoroutineJvmDebugInit1_ctgsehd8x87bz2syxexua3tzpCustomizer> (0x0000000084dd6660) 
thrown [s\src\hotspot\share\classfile\systemDictionary.cpp, line 312]
Event: 75.272 Thread 0x0000022e52777650 Exception <a 'sun/nio/fs/WindowsException'{0x0000000084c22478}> (0x0000000084c22478) 
thrown [s\src\hotspot\share\prims\jni.cpp, line 537]
Event: 75.272 Thread 0x0000022e52777650 Exception <a 'sun/nio/fs/WindowsException'{0x0000000084c23b70}> (0x0000000084c23b70) 
thrown [s\src\hotspot\share\prims\jni.cpp, line 537]
Event: 75.273 Thread 0x0000022e52777650 Exception <a 'sun/nio/fs/WindowsException'{0x0000000084c254e0}> (0x0000000084c254e0) 
thrown [s\src\hotspot\share\prims\jni.cpp, line 537]
Event: 75.273 Thread 0x0000022e52777650 Exception <a 'sun/nio/fs/WindowsException'{0x0000000084c26dd8}> (0x0000000084c26dd8) 
thrown [s\src\hotspot\share\prims\jni.cpp, line 537]
Event: 75.273 Thread 0x0000022e52777650 Exception <a 'sun/nio/fs/WindowsException'{0x0000000084c28828}> (0x0000000084c28828) 
thrown [s\src\hotspot\share\prims\jni.cpp, line 537]
Event: 75.275 Thread 0x0000022e52777650 Exception <a 'sun/nio/fs/WindowsException'{0x0000000084c2a550}> (0x0000000084c2a550) 
thrown [s\src\hotspot\share\prims\jni.cpp, line 537]
Event: 75.303 Thread 0x0000022e52777650 Exception <a 'sun/nio/fs/WindowsException'{0x0000000084c2cf58}> (0x0000000084c2cf58) 
thrown [s\src\hotspot\share\prims\jni.cpp, line 537]
Event: 75.307 Thread 0x0000022e52777650 Exception <a 'sun/nio/fs/WindowsException'{0x0000000084c2e610}> (0x0000000084c2e610) 
thrown [s\src\hotspot\share\prims\jni.cpp, line 537]
Event: 75.314 Thread 0x0000022e52777650 Exception <a 'sun/nio/fs/WindowsException'{0x0000000084c30b38}> (0x0000000084c30b38) 
thrown [s\src\hotspot\share\prims\jni.cpp, line 537]
Event: 75.315 Thread 0x0000022e52777650 Exception <a 'sun/nio/fs/WindowsException'{0x0000000084c321f8}> (0x0000000084c321f8) 
thrown [s\src\hotspot\share\prims\jni.cpp, line 537]
Event: 75.317 Thread 0x0000022e52777650 Exception <a 'sun/nio/fs/WindowsException'{0x0000000084c35cf0}> (0x0000000084c35cf0) 
thrown [s\src\hotspot\share\prims\jni.cpp, line 537]
Event: 75.317 Thread 0x0000022e52777650 Exception <a 'sun/nio/fs/WindowsException'{0x0000000084c37678}> (0x0000000084c37678) 
thrown [s\src\hotspot\share\prims\jni.cpp, line 537]
Event: 75.318 Thread 0x0000022e52777650 Exception <a 'sun/nio/fs/WindowsException'{0x0000000084c38fe8}> (0x0000000084c38fe8) 
thrown [s\src\hotspot\share\prims\jni.cpp, line 537]
Event: 75.319 Thread 0x0000022e52777650 Exception <a 'sun/nio/fs/WindowsException'{0x0000000084c3c380}> (0x0000000084c3c380) 
thrown [s\src\hotspot\share\prims\jni.cpp, line 537]
Event: 75.321 Thread 0x0000022e52777650 Exception <a 'sun/nio/fs/WindowsException'{0x0000000084c3f298}> (0x0000000084c3f298) 
thrown [s\src\hotspot\share\prims\jni.cpp, line 537]
Event: 75.323 Thread 0x0000022e52777650 Exception <a 'sun/nio/fs/WindowsException'{0x0000000084c42998}> (0x0000000084c42998) 
thrown [s\src\hotspot\share\prims\jni.cpp, line 537]

ZGC Phase Switch (0 events):
No events

VM Operations (20 events):
Event: 65.247 Executing non-safepoint VM operation: HandshakeAllThreads (Deoptimize)
Event: 65.247 Executing non-safepoint VM operation: HandshakeAllThreads (Deoptimize) done
Event: 66.248 Executing safepoint VM operation: Cleanup
Event: 66.248 Executing safepoint VM operation: Cleanup done
Event: 66.611 Executing safepoint VM operation: G1CollectForAllocation (G1 Evacuation Pause)
Event: 66.620 Executing safepoint VM operation: G1CollectForAllocation (G1 Evacuation Pause) done
Event: 66.868 Executing safepoint VM operation: G1CollectForAllocation (G1 Evacuation Pause)
Event: 66.876 Executing safepoint VM operation: G1CollectForAllocation (G1 Evacuation Pause) done
Event: 67.876 Executing safepoint VM operation: Cleanup
Event: 67.876 Executing safepoint VM operation: Cleanup done
Event: 68.876 Executing safepoint VM operation: Cleanup
Event: 68.877 Executing safepoint VM operation: Cleanup done
Event: 70.877 Executing safepoint VM operation: Cleanup
Event: 70.878 Executing safepoint VM operation: Cleanup done
Event: 72.878 Executing safepoint VM operation: Cleanup
Event: 72.878 Executing safepoint VM operation: Cleanup done
Event: 73.880 Executing safepoint VM operation: Cleanup
Event: 73.880 Executing safepoint VM operation: Cleanup done
Event: 74.880 Executing safepoint VM operation: Cleanup
Event: 74.880 Executing safepoint VM operation: Cleanup done

Memory protections (0 events):
No events

Nmethod flushes (20 events):
Event: 65.153 Thread 0x0000022e5238dfd0 flushing  nmethod 0x0000022e3e8f7510
Event: 65.153 Thread 0x0000022e5238dfd0 flushing  nmethod 0x0000022e3e8f8c10
Event: 65.153 Thread 0x0000022e5238dfd0 flushing  nmethod 0x0000022e3e907f10
Event: 65.153 Thread 0x0000022e5238dfd0 flushing  nmethod 0x0000022e3e908390
Event: 65.153 Thread 0x0000022e5238dfd0 flushing  nmethod 0x0000022e3ea78210
Event: 65.153 Thread 0x0000022e5238dfd0 flushing  nmethod 0x0000022e3eac3710
Event: 65.153 Thread 0x0000022e5238dfd0 flushing  nmethod 0x0000022e3eac6410
Event: 65.153 Thread 0x0000022e5238dfd0 flushing  nmethod 0x0000022e3eaca590
Event: 65.153 Thread 0x0000022e5238dfd0 flushing  nmethod 0x0000022e3eafda90
Event: 65.153 Thread 0x0000022e5238dfd0 flushing  nmethod 0x0000022e3eb4c590
Event: 65.153 Thread 0x0000022e5238dfd0 flushing  nmethod 0x0000022e3eb84d90
Event: 65.153 Thread 0x0000022e5238dfd0 flushing  nmethod 0x0000022e3ecafa10
Event: 65.153 Thread 0x0000022e5238dfd0 flushing  nmethod 0x0000022e3ed3c710
Event: 65.153 Thread 0x0000022e5238dfd0 flushing  nmethod 0x0000022e3ed87490
Event: 65.153 Thread 0x0000022e5238dfd0 flushing  nmethod 0x0000022e3edaef10
Event: 65.153 Thread 0x0000022e5238dfd0 flushing  nmethod 0x0000022e3edf9d10
Event: 65.153 Thread 0x0000022e5238dfd0 flushing  nmethod 0x0000022e3edff010
Event: 65.153 Thread 0x0000022e5238dfd0 flushing  nmethod 0x0000022e3ee2f610
Event: 65.153 Thread 0x0000022e5238dfd0 flushing  nmethod 0x0000022e3eea1d90
Event: 65.153 Thread 0x0000022e5238dfd0 flushing  nmethod 0x0000022e3ef9c910

Events (20 events):
Event: 41.299 Thread 0x0000022e52777650 Thread added: 0x0000022e572a7e50
Event: 41.584 Thread 0x0000022e52777650 Thread added: 0x0000022e572a6aa0
Event: 45.856 Thread 0x0000022e52777650 Thread added: 0x0000022e572ab960
Event: 50.132 Thread 0x0000022e52777650 Thread added: 0x0000022e572a84e0
Event: 50.507 Thread 0x0000022e5259f4f0 Thread added: 0x0000022e52787b40
Event: 54.398 Thread 0x0000022e52787b40 Thread exited: 0x0000022e52787b40
Event: 55.062 Thread 0x0000022e52777650 Thread added: 0x0000022e572aac40
Event: 57.363 Thread 0x0000022e52777650 Thread added: 0x0000022e572ab2d0
Event: 57.367 Thread 0x0000022e52777650 Thread added: 0x0000022e572aa5b0
Event: 57.369 Thread 0x0000022e52777650 Thread added: 0x0000022e572abff0
Event: 58.143 Thread 0x0000022e52777650 Thread added: 0x0000022e572ac680
Event: 58.145 Thread 0x0000022e52777650 Thread added: 0x0000022e59c97e90
Event: 58.149 Thread 0x0000022e52777650 Thread added: 0x0000022e59c95730
Event: 65.903 Thread 0x0000022e52777650 Thread added: 0x0000022e59c96450
Event: 69.428 Thread 0x0000022e52777650 Thread added: 0x0000022e59c93cf0
Event: 69.428 Thread 0x0000022e52777650 Thread added: 0x0000022e59c93660
Event: 69.429 Thread 0x0000022e52777650 Thread added: 0x0000022e59c96ae0
Event: 69.693 Thread 0x0000022e5259f4f0 Thread added: 0x0000022e591d2770
Event: 69.826 Thread 0x0000022e591d2770 Thread exited: 0x0000022e591d2770
Event: 75.380 Thread 0x0000022e5259f4f0 Thread added: 0x0000022e591d2770


Dynamic libraries:
0x00007ff6ec880000 - 0x00007ff6ec88a000 	C:\andriod-studio\jbr\bin\java.exe
0x00007ffb1e550000 - 0x00007ffb1e768000 	C:\WINDOWS\SYSTEM32\ntdll.dll
0x00007ffb1cf70000 - 0x00007ffb1d034000 	C:\WINDOWS\System32\KERNEL32.DLL
0x00007ffb1bc70000 - 0x00007ffb1c043000 	C:\WINDOWS\System32\KERNELBASE.dll
0x00007ffb14290000 - 0x00007ffb14327000 	C:\WINDOWS\SYSTEM32\apphelp.dll
0x00007ffb1bb50000 - 0x00007ffb1bc61000 	C:\WINDOWS\System32\ucrtbase.dll
0x00007ffb11b90000 - 0x00007ffb11bab000 	C:\andriod-studio\jbr\bin\VCRUNTIME140.dll
0x00007ffafa0b0000 - 0x00007ffafa0c8000 	C:\andriod-studio\jbr\bin\jli.dll
0x00007ffb1cd30000 - 0x00007ffb1cee2000 	C:\WINDOWS\System32\USER32.dll
0x00007ffb1c1c0000 - 0x00007ffb1c1e6000 	C:\WINDOWS\System32\win32u.dll
0x00007ffb1de00000 - 0x00007ffb1de29000 	C:\WINDOWS\System32\GDI32.dll
0x00007ffb1b710000 - 0x00007ffb1b82b000 	C:\WINDOWS\System32\gdi32full.dll
0x00007ffb1b9f0000 - 0x00007ffb1ba8a000 	C:\WINDOWS\System32\msvcp_win.dll
0x00007ffaffe40000 - 0x00007ffb000dc000 	C:\WINDOWS\WinSxS\amd64_microsoft.windows.common-controls_6595b64144ccf1df_6.0.22621.6060_none_2712eda17382d24b\COMCTL32.dll
0x00007ffb1c1f0000 - 0x00007ffb1c297000 	C:\WINDOWS\System32\msvcrt.dll
0x00007ffb1c360000 - 0x00007ffb1c391000 	C:\WINDOWS\System32\IMM32.DLL
0x00007ffb10b90000 - 0x00007ffb10b9c000 	C:\andriod-studio\jbr\bin\vcruntime140_1.dll
0x00007ffaf6b20000 - 0x00007ffaf6bad000 	C:\andriod-studio\jbr\bin\msvcp140.dll
0x00007ffa798d0000 - 0x00007ffa7a566000 	C:\andriod-studio\jbr\bin\server\jvm.dll
0x00007ffb1d040000 - 0x00007ffb1d0f1000 	C:\WINDOWS\System32\ADVAPI32.dll
0x00007ffb1d100000 - 0x00007ffb1d1a8000 	C:\WINDOWS\System32\sechost.dll
0x00007ffb1b6e0000 - 0x00007ffb1b708000 	C:\WINDOWS\System32\bcrypt.dll
0x00007ffb1e0e0000 - 0x00007ffb1e1f8000 	C:\WINDOWS\System32\RPCRT4.dll
0x00007ffb1cef0000 - 0x00007ffb1cf61000 	C:\WINDOWS\System32\WS2_32.dll
0x00007ffb1a470000 - 0x00007ffb1a4bd000 	C:\WINDOWS\SYSTEM32\POWRPROF.dll
0x00007ffb113d0000 - 0x00007ffb11404000 	C:\WINDOWS\SYSTEM32\WINMM.dll
0x00007ffb10f60000 - 0x00007ffb10f6a000 	C:\WINDOWS\SYSTEM32\VERSION.dll
0x00007ffb1a450000 - 0x00007ffb1a463000 	C:\WINDOWS\SYSTEM32\UMPDC.dll
0x00007ffb1a6f0000 - 0x00007ffb1a708000 	C:\WINDOWS\SYSTEM32\kernel.appcore.dll
0x00007ffb10b80000 - 0x00007ffb10b8a000 	C:\andriod-studio\jbr\bin\jimage.dll
0x00007ffb18f80000 - 0x00007ffb191b3000 	C:\WINDOWS\SYSTEM32\DBGHELP.DLL
0x00007ffb1da60000 - 0x00007ffb1ddf1000 	C:\WINDOWS\System32\combase.dll
0x00007ffb1c5a0000 - 0x00007ffb1c678000 	C:\WINDOWS\System32\OLEAUT32.dll
0x00007ffaedcc0000 - 0x00007ffaedcf2000 	C:\WINDOWS\SYSTEM32\dbgcore.DLL
0x00007ffb1b970000 - 0x00007ffb1b9eb000 	C:\WINDOWS\System32\bcryptPrimitives.dll
0x00007ffafa0a0000 - 0x00007ffafa0ae000 	C:\andriod-studio\jbr\bin\instrument.dll
0x00007ffafa270000 - 0x00007ffafa290000 	C:\andriod-studio\jbr\bin\java.dll
0x00007ffaf8cf0000 - 0x00007ffaf8d08000 	C:\andriod-studio\jbr\bin\zip.dll
0x00007ffb1d1b0000 - 0x00007ffb1da4c000 	C:\WINDOWS\System32\SHELL32.dll
0x00007ffb1b830000 - 0x00007ffb1b96f000 	C:\WINDOWS\System32\wintypes.dll
0x00007ffb19520000 - 0x00007ffb19e3a000 	C:\WINDOWS\SYSTEM32\windows.storage.dll
0x00007ffb1de30000 - 0x00007ffb1df34000 	C:\WINDOWS\System32\SHCORE.dll
0x00007ffb1c2f0000 - 0x00007ffb1c359000 	C:\WINDOWS\System32\shlwapi.dll
0x00007ffb1b590000 - 0x00007ffb1b5b5000 	C:\WINDOWS\SYSTEM32\profapi.dll
0x00007ffaf9d70000 - 0x00007ffaf9d80000 	C:\andriod-studio\jbr\bin\net.dll
0x00007ffb10cc0000 - 0x00007ffb10dec000 	C:\WINDOWS\SYSTEM32\WINHTTP.dll
0x00007ffb1abb0000 - 0x00007ffb1ac19000 	C:\WINDOWS\system32\mswsock.dll
0x00007ffae5f60000 - 0x00007ffae5f76000 	C:\andriod-studio\jbr\bin\nio.dll
0x00007ffaf8d40000 - 0x00007ffaf8d50000 	C:\andriod-studio\jbr\bin\verify.dll
0x00007ffafa0d0000 - 0x00007ffafa0f7000 	C:\Users\mazen\.gradle\native\1def1411415f61bf3af743bc5b6707747c0891f09f0c88961ee8f79bc544acac\windows-amd64\native-platform.dll
0x00007ffaf6aa0000 - 0x00007ffaf6b17000 	C:\Users\mazen\.gradle\native\0.2.8\x86_64-windows-gnu\gradle-fileevents.dll
0x00007ffaf93e0000 - 0x00007ffaf93e9000 	C:\andriod-studio\jbr\bin\management.dll
0x00007ffaf93b0000 - 0x00007ffaf93bb000 	C:\andriod-studio\jbr\bin\management_ext.dll
0x00007ffb1e060000 - 0x00007ffb1e068000 	C:\WINDOWS\System32\PSAPI.DLL
0x00007ffb1a110000 - 0x00007ffb1a13d000 	C:\WINDOWS\SYSTEM32\IPHLPAPI.DLL
0x00007ffb1e050000 - 0x00007ffb1e059000 	C:\WINDOWS\System32\NSI.dll
0x00007ffaf9610000 - 0x00007ffaf9619000 	C:\andriod-studio\jbr\bin\extnet.dll
0x00007ffb1af00000 - 0x00007ffb1af1b000 	C:\WINDOWS\SYSTEM32\CRYPTSP.dll
0x00007ffb1a650000 - 0x00007ffb1a687000 	C:\WINDOWS\system32\rsaenh.dll
0x00007ffb1ac50000 - 0x00007ffb1ac78000 	C:\WINDOWS\SYSTEM32\USERENV.dll
0x00007ffb1aee0000 - 0x00007ffb1aeec000 	C:\WINDOWS\SYSTEM32\CRYPTBASE.dll
0x00007ffa72d60000 - 0x00007ffa72d68000 	C:\WINDOWS\system32\wshunix.dll

JVMTI agents:
C:\Users\mazen\.gradle\wrapper\dists\gradle-9.0.0-bin\d6wjpkvcgsg3oed0qlfss3wgl\gradle-9.0.0\lib\agents\gradle-instrumentation-agent-9.0.0.jar path:C:\andriod-studio\jbr\bin\instrument.dll, loaded, initialized, instrumentlib options:none

dbghelp: loaded successfully - version: 4.0.5 - missing functions: none
symbol engine: initialized successfully - sym options: 0x614 - pdb path: .;C:\andriod-studio\jbr\bin;C:\WINDOWS\SYSTEM32;C:\WINDOWS\WinSxS\amd64_microsoft.windows.common-controls_6595b64144ccf1df_6.0.22621.6060_none_2712eda17382d24b;C:\andriod-studio\jbr\bin\server;C:\Users\mazen\.gradle\native\1def1411415f61bf3af743bc5b6707747c0891f09f0c88961ee8f79bc544acac\windows-amd64;C:\Users\mazen\.gradle\native\0.2.8\x86_64-windows-gnu

VM Arguments:
jvm_args: --add-opens=java.base/java.lang=ALL-UNNAMED --add-opens=java.base/java.lang.invoke=ALL-UNNAMED --add-opens=java.base/java.util=ALL-UNNAMED --add-opens=java.prefs/java.util.prefs=ALL-UNNAMED --add-exports=jdk.compiler/com.sun.tools.javac.api=ALL-UNNAMED --add-exports=jdk.compiler/com.sun.tools.javac.util=ALL-UNNAMED --add-opens=java.base/java.util=ALL-UNNAMED --add-opens=java.prefs/java.util.prefs=ALL-UNNAMED --add-opens=java.base/java.nio.charset=ALL-UNNAMED --add-opens=java.base/java.net=ALL-UNNAMED --add-opens=java.base/java.util.concurrent=ALL-UNNAMED --add-opens=java.base/java.util.concurrent.atomic=ALL-UNNAMED --add-opens=java.xml/javax.xml.namespace=ALL-UNNAMED -Xmx2048m -Dfile.encoding=UTF-8 -Duser.country=US -Duser.language=en -Duser.variant -javaagent:C:\Users\mazen\.gradle\wrapper\dists\gradle-9.0.0-bin\d6wjpkvcgsg3oed0qlfss3wgl\gradle-9.0.0\lib\agents\gradle-instrumentation-agent-9.0.0.jar 
java_command: org.gradle.launcher.daemon.bootstrap.GradleDaemon 9.0.0
java_class_path (initial): C:\Users\mazen\.gradle\wrapper\dists\gradle-9.0.0-bin\d6wjpkvcgsg3oed0qlfss3wgl\gradle-9.0.0\lib\gradle-daemon-main-9.0.0.jar
Launcher Type: SUN_STANDARD

[Global flags]
     intx CICompilerCount                          = 3                                         {product} {ergonomic}
     uint ConcGCThreads                            = 1                                         {product} {ergonomic}
     uint G1ConcRefinementThreads                  = 4                                         {product} {ergonomic}
   size_t G1HeapRegionSize                         = 1048576                                   {product} {ergonomic}
    uintx GCDrainStackTargetSize                   = 64                                        {product} {ergonomic}
   size_t InitialHeapSize                          = 65011712                                  {product} {ergonomic}
   size_t MarkStackSize                            = 4194304                                   {product} {ergonomic}
   size_t MaxHeapSize                              = 2147483648                                {product} {command line}
   size_t MaxNewSize                               = 1287651328                                {product} {ergonomic}
   size_t MinHeapDeltaBytes                        = 1048576                                   {product} {ergonomic}
   size_t MinHeapSize                              = 8388608                                   {product} {ergonomic}
    uintx NonNMethodCodeHeapSize                   = 5832780                                {pd product} {ergonomic}
    uintx NonProfiledCodeHeapSize                  = 122912730                              {pd product} {ergonomic}
    uintx ProfiledCodeHeapSize                     = 122912730                              {pd product} {ergonomic}
    uintx ReservedCodeCacheSize                    = 251658240                              {pd product} {ergonomic}
     bool SegmentedCodeCache                       = true                                      {product} {ergonomic}
   size_t SoftMaxHeapSize                          = 2147483648                             {manageable} {ergonomic}
     bool UseCompressedOops                        = true                           {product lp64_product} {ergonomic}
     bool UseG1GC                                  = true                                      {product} {ergonomic}
     bool UseLargePagesIndividualAllocation        = false                                  {pd product} {ergonomic}

Logging:
Log output configuration:
 #0: stdout all=warning uptime,level,tags foldmultilines=false
 #1: stderr all=off uptime,level,tags foldmultilines=false

Release file:
JAVA_VERSION="21.0.10" 
MODULES="java.base java.compiler java.datatransfer java.xml java.prefs java.desktop java.instrument java.logging java.management java.security.sasl java.naming java.rmi java.management.rmi java.net.http java.scripting java.security.jgss java.transaction.xa java.sql java.sql.rowset java.xml.crypto java.se java.smartcardio jdk.accessibility jdk.internal.jvmstat jdk.attach jdk.charsets jdk.internal.opt jdk.zipfs jdk.compiler jdk.crypto.ec jdk.crypto.cryptoki jdk.dynalink jdk.hotspot.agent jdk.httpserver jdk.internal.ed jdk.internal.le jdk.internal.vm.ci jdk.jartool jdk.javadoc jdk.jcmd jdk.jdeps jdk.jdwp.agent jdk.jdi jdk.jfr jdk.jlink jdk.jsobject jdk.localedata jdk.management jdk.management.agent jdk.management.jfr jdk.naming.dns jdk.naming.rmi jdk.net jdk.sctp jdk.security.auth jdk.security.jgss jdk.unsupported jdk.unsupported.desktop jdk.xml.dom" 
IMPLEMENTOR="JetBrains s.r.o." 
JAVA_RUNTIME_VERSION="21.0.10+-14961533-b1163.108" 
LIBC="default" 
OS_ARCH="x86_64" 
OS_NAME="Windows" 
SOURCE=".:git:1351622c2ff2" 

Environment Variables:
PATH=C:\Python314\Scripts\;C:\Python314\;C:\WINDOWS\system32;C:\WINDOWS;C:\WINDOWS\System32\Wbem;C:\WINDOWS\System32\WindowsPowerShell\v1.0\;C:\WINDOWS\System32\OpenSSH\;C:\Program Files\dotnet\;C:\ProgramData\ComposerSetup\bin;C:\Program Files\nodejs\;C:\ProgramData\chocolatey\bin;C:\xampp\php;C:\Program Files\Git\cmd;C:\Program Files\PostgreSQL\15\bin;C:\Users\mazen\.local\bin;C:\Users\mazen\AppData\Local\Programs\Python\Python310\Scripts\;C:\Users\mazen\AppData\Local\Programs\Python\Python310\;C:\Users\mazen\AppData\Local\Programs\Python\Python311\Scripts\;C:\Users\mazen\AppData\Local\Programs\Python\Python311\;C:\Users\mazen\AppData\Local\Microsoft\WindowsApps;C:\Users\mazen\AppData\Roaming\Composer\vendor\bin;C:\Users\mazen\AppData\Roaming\npm;C:\Users\mazen\AppData\Local\Programs\Microsoft VS Code Insiders\bin;C:\Users\mazen\AppData\Local\Programs\Microsoft VS Code\bin;C:\Program Files\PostgreSQL\15\bin;C:\Program Files\wkhtmltopdf\bin\;C:\Users\mazen\AppData\Local\Programs\Antigravity\bin;D:\Windsurf\bin
USERNAME=mazen
OS=Windows_NT
PROCESSOR_IDENTIFIER=Intel64 Family 6 Model 142 Stepping 9, GenuineIntel
TMP=C:\Users\mazen\AppData\Local\Temp
TEMP=C:\Users\mazen\AppData\Local\Temp




Periodic native trim disabled

JNI global refs:
JNI global refs: 26, weak refs: 4

JNI global refs memory usage: 835, weak refs: 833

Process memory usage:
Resident Set Size: 214576K (5% of 4033752K total physical memory with 552376K free physical memory)

OOME stack traces (most recent first):
Classloader memory used:
Loader org.gradle.internal.classloader.VisitableURLClassLoader                         : 35036K
Loader bootstrap                                                                       : 21997K
Loader org.gradle.initialization.MixInLegacyTypesClassLoader                           : 6327K
Loader jdk.internal.loader.ClassLoaders$PlatformClassLoader                            : 401K
Loader jdk.internal.loader.ClassLoaders$AppClassLoader                                 : 231K
Loader org.gradle.groovy.scripts.internal.DefaultScriptCompilationHandler$ScriptClassLoader: 87504B
Loader groovy.lang.GroovyClassLoader$InnerLoader                                       : 56416B
Loader org.gradle.internal.classloader.VisitableURLClassLoader$InstrumentingVisitableURLClassLoader: 15864B
Loader jdk.internal.reflect.DelegatingClassLoader                                      : 10608B

Classes loaded by more than one classloader:
Class _BuildScript_$_run_closure1$_closure2                                           : loaded 3 times (x 132B)
Class _BuildScript_                                                                   : loaded 3 times (x 165B)
Class _BuildScript_$_run_closure1                                                     : loaded 3 times (x 132B)
Class org.gradle.internal.classloader.DefaultClassLoaderFactory                       : loaded 2 times (x 82B)
Class org.gradle.internal.classloader.ClassLoaderVisitor                              : loaded 2 times (x 76B)
Class org.gradle.api.internal.classpath.EffectiveClassPath                            : loaded 2 times (x 90B)
Class org.gradle.api.internal.DefaultClassPathProvider                                : loaded 2 times (x 76B)
Class [Lorg.gradle.api.internal.ClassPathProvider;                                    : loaded 2 times (x 69B)
Class org.gradle.api.internal.ClassPathProvider                                       : loaded 2 times (x 70B)
Class org.gradle.internal.service.UnknownServiceException                             : loaded 2 times (x 83B)
Class ijKotlinCoroutineJvmDebugInit1_ctgsehd8x87bz2syxexua3tzp$_run_closure1          : loaded 2 times (x 139B)
Class org.gradle.internal.classpath.TransformedClassPath                              : loaded 2 times (x 96B)
Class org.gradle.internal.classloader.InstrumentingClassLoader                        : loaded 2 times (x 70B)
Class org.gradle.internal.classloader.ClassLoaderHierarchy                            : loaded 2 times (x 70B)
Class org.gradle.internal.service.ServiceLocator                                      : loaded 2 times (x 70B)
Class ijKotlinCoroutineJvmDebugInit1_ctgsehd8x87bz2syxexua3tzp$_run_closure1$_closure2: loaded 2 times (x 139B)
Class org.gradle.internal.InternalTransformer                                         : loaded 2 times (x 70B)
Class org.gradle.internal.classloader.ClasspathUtil$1                                 : loaded 2 times (x 76B)
Class org.gradle.api.internal.classpath.DefaultModuleRegistry$DefaultModule           : loaded 2 times (x 86B)
Class org.gradle.api.internal.classpath.Module                                        : loaded 2 times (x 70B)
Class org.gradle.api.internal.classpath.UnknownModuleException                        : loaded 2 times (x 82B)
Class org.gradle.api.internal.DefaultClassPathRegistry                                : loaded 2 times (x 76B)
Class org.gradle.api.internal.ClassPathRegistry                                       : loaded 2 times (x 70B)
Class org.gradle.internal.classpath.DefaultClassPath$ImmutableUniqueList              : loaded 2 times (x 199B)
Class org.gradle.internal.classpath.ClassPath                                         : loaded 2 times (x 70B)
Class ijJvmDebugger1_4j08mwpl9yuxrko2g1it2jvkd                                        : loaded 2 times (x 171B)
Class org.gradle.api.internal.classpath.ManifestUtil                                  : loaded 2 times (x 71B)
Class org.gradle.internal.installation.GradleInstallation$1                           : loaded 2 times (x 75B)
Class org.gradle.api.internal.classpath.ModuleRegistry                                : loaded 2 times (x 70B)
Class org.gradle.api.internal.classpath.DefaultModuleRegistry                         : loaded 2 times (x 86B)
Class org.gradle.internal.service.ServiceLookupException                              : loaded 2 times (x 82B)
Class org.gradle.internal.classloader.ClassLoaderFactory                              : loaded 2 times (x 70B)
Class org.gradle.internal.service.CachingServiceLocator                               : loaded 2 times (x 82B)
Class org.gradle.internal.classloader.ClasspathUtil                                   : loaded 2 times (x 71B)
Class org.gradle.api.specs.Spec                                                       : loaded 2 times (x 70B)
Class org.gradle.internal.classloader.FilteringClassLoader                            : loaded 2 times (x 105B)
Class org.gradle.internal.classloader.VisitableURLClassLoader$InstrumentingVisitableURLClassLoader: loaded 2 times (x 123B)
Class org.gradle.internal.classloader.VisitableURLClassLoader$Spec                    : loaded 2 times (x 74B)
Class org.gradle.internal.classpath.DefaultClassPath                                  : loaded 2 times (x 90B)
Class ijKotlinCoroutineJvmDebugInit1_ctgsehd8x87bz2syxexua3tzp                        : loaded 2 times (x 171B)
Class org.gradle.internal.classloader.ClassLoaderSpec                                 : loaded 2 times (x 71B)
Class ijJvmDebugger1_4j08mwpl9yuxrko2g1it2jvkd$_run_closure1                          : loaded 2 times (x 139B)
Class org.gradle.internal.classloader.VisitableURLClassLoader                         : loaded 2 times (x 117B)
Class ijJvmDebugger1_4j08mwpl9yuxrko2g1it2jvkd$_run_closure1$_closure2                : loaded 2 times (x 140B)
Class org.gradle.internal.Cast                                                        : loaded 2 times (x 71B)
Class org.gradle.api.Action                                                           : loaded 2 times (x 70B)
Class org.gradle.internal.classpath.DefaultClassPath$ImmutableUniqueList$Builder      : loaded 2 times (x 75B)
Class org.gradle.api.GradleException                                                  : loaded 2 times (x 82B)
Class org.gradle.internal.IoActions                                                   : loaded 2 times (x 71B)
Class org.gradle.internal.classloader.SystemClassLoaderSpec                           : loaded 2 times (x 71B)
Class org.gradle.api.internal.classpath.GlobalCacheRootsProvider                      : loaded 2 times (x 70B)
Class org.gradle.internal.installation.CurrentGradleInstallationLocator               : loaded 2 times (x 71B)
Class org.gradle.internal.service.DefaultServiceLocator                               : loaded 2 times (x 83B)
Class org.gradle.internal.installation.CurrentGradleInstallation                      : loaded 2 times (x 73B)
Class org.gradle.util.internal.GUtil                                                  : loaded 2 times (x 71B)
Class org.gradle.internal.installation.GradleInstallation                             : loaded 2 times (x 75B)

---------------  S Y S T E M  ---------------

OS:
 Windows 11 , 64 bit Build 22621 (10.0.22621.5415)
OS uptime: 3 days 5:49 hours
Hyper-V role detected

CPU: total 4 (initial active 4) (2 cores per cpu, 2 threads per core) family 6 model 142 stepping 9 microcode 0xf6, cx8, cmov, fxsr, ht, mmx, 3dnowpref, sse, sse2, sse3, ssse3, sse4.1, sse4.2, popcnt, lzcnt, tsc, tscinvbit, avx, avx2, aes, erms, clmul, bmi1, bmi2, rtm, adx, fma, vzeroupper, clflush, clflushopt, hv, rdtscp, f16c
Processor Information for the first 4 processors :
  Max Mhz: 2712, Current Mhz: 2611, Mhz Limit: 2603

Memory: 4k page, system-wide physical 3939M (534M free)
TotalPageFile size 16227M (AvailPageFile size 4M)
current process WorkingSet (physical memory assigned to process): 210M, peak: 234M
current process commit charge ("private bytes"): 301M, peak: 303M

vm_info: OpenJDK 64-Bit Server VM (21.0.10+-14961533-b1163.108) for windows-amd64 JRE (21.0.10+-14961533-b1163.108), built on 2026-03-02T19:58:50Z by "builder" with MS VC++ 16.10 / 16.11 (VS2019)

END.
